<?xml version="1.0" encoding="UTF-8"?>
<!-- Generated by org.testng.reporters.JUnitReportReporter -->
<testsuite hostname="iDeliver20-PC" name="testCases.ICEHRM_AdminLevelTest" tests="2" failures="0" timestamp="19 Jan 2021 10:54:07 GMT" time="74.989" errors="0">
  <testcase name="punchInTest" time="58.838" classname="testCases.ICEHRM_AdminLevelTest"/>
  <testcase name="loginTest" time="16.151" classname="testCases.ICEHRM_AdminLevelTest"/>
</testsuite> <!-- testCases.ICEHRM_AdminLevelTest -->
