<?xml version="1.0" encoding="UTF-8"?>
<!-- Generated by org.testng.reporters.JUnitReportReporter -->
<testsuite hostname="iDeliver20-PC" name="testCases.ICEHRM_LoginTest" tests="4" failures="0" timestamp="23 Dec 2020 16:01:44 GMT" time="39.607" errors="0">
  <testcase name="Punch_In_Test" time="8.802" classname="testCases.ICEHRM_LoginTest"/>
  <testcase name="Punch_Out_Test" time="8.745" classname="testCases.ICEHRM_LoginTest"/>
  <testcase name="Login_Test" time="8.770" classname="testCases.ICEHRM_LoginTest"/>
  <testcase name="Leave_Test" time="13.290" classname="testCases.ICEHRM_LoginTest"/>
</testsuite> <!-- testCases.ICEHRM_LoginTest -->
